This is pdfTeXk, Version 3.141592-1.40.3 (Web2C 7.5.6) (format=pdflatex 2013.2.11)  23 FEB 2015 13:03
entering extended mode
 %&-line parsing enabled.
**hct_obsp_2014.tex
(./hct_obsp_2014.tex
LaTeX2e <2005/12/01>
Babel <v3.8h> and hyphenation patterns for english, usenglishmax, dumylang, noh
yphenation, arabic, basque, bulgarian, coptic, welsh, czech, slovak, german, ng
erman, danish, esperanto, spanish, catalan, galician, estonian, farsi, finnish,
 french, greek, monogreek, ancientgreek, croatian, hungarian, interlingua, ibyc
us, indonesian, icelandic, italian, latin, mongolian, dutch, norsk, polish, por
tuguese, pinyin, romanian, russian, slovenian, uppersorbian, serbian, swedish, 
turkish, ukenglish, ukrainian, loaded.
(/usr/share/texmf/tex/latex/base/article.cls
Document Class: article 2005/09/16 v1.4f Standard LaTeX document class
(/usr/share/texmf/tex/latex/base/size11.clo
File: size11.clo 2005/09/16 v1.4f Standard LaTeX file (size option)
)
\c@part=\count79
\c@section=\count80
\c@subsection=\count81
\c@subsubsection=\count82
\c@paragraph=\count83
\c@subparagraph=\count84
\c@figure=\count85
\c@table=\count86
\abovecaptionskip=\skip41
\belowcaptionskip=\skip42
\bibindent=\dimen102
)
(/usr/share/texmf/tex/latex/graphics/graphicx.sty
Package: graphicx 1999/02/16 v1.0f Enhanced LaTeX Graphics (DPC,SPQR)

(/usr/share/texmf/tex/latex/graphics/keyval.sty
Package: keyval 1999/03/16 v1.13 key=value parser (DPC)
\KV@toks@=\toks14
)
(/usr/share/texmf/tex/latex/graphics/graphics.sty
Package: graphics 2006/02/20 v1.0o Standard LaTeX Graphics (DPC,SPQR)

(/usr/share/texmf/tex/latex/graphics/trig.sty
Package: trig 1999/03/16 v1.09 sin cos tan (DPC)
)
(/usr/share/texmf/tex/latex/config/graphics.cfg
File: graphics.cfg 2007/01/18 v1.5 graphics configuration of teTeX/TeXLive
)
Package graphics Info: Driver file: pdftex.def on input line 90.

(/usr/share/texmf/tex/latex/pdftex-def/pdftex.def
File: pdftex.def 2007/01/08 v0.04d Graphics/color for pdfTeX
\Gread@gobject=\count87
))
\Gin@req@height=\dimen103
\Gin@req@width=\dimen104
) (./def.tex)
(./hct_obsp_2014.aux)
\openout1 = `hct_obsp_2014.aux'.

LaTeX Font Info:    Checking defaults for OML/cmm/m/it on input line 4.
LaTeX Font Info:    ... okay on input line 4.
LaTeX Font Info:    Checking defaults for T1/cmr/m/n on input line 4.
LaTeX Font Info:    ... okay on input line 4.
LaTeX Font Info:    Checking defaults for OT1/cmr/m/n on input line 4.
LaTeX Font Info:    ... okay on input line 4.
LaTeX Font Info:    Checking defaults for OMS/cmsy/m/n on input line 4.
LaTeX Font Info:    ... okay on input line 4.
LaTeX Font Info:    Checking defaults for OMX/cmex/m/n on input line 4.
LaTeX Font Info:    ... okay on input line 4.
LaTeX Font Info:    Checking defaults for U/cmr/m/n on input line 4.
LaTeX Font Info:    ... okay on input line 4.
 (./hct_title.tex
LaTeX Font Info:    External font `cmex10' loaded for size
(Font)              <10.95> on input line 9.
LaTeX Font Info:    External font `cmex10' loaded for size
(Font)              <8> on input line 9.
LaTeX Font Info:    External font `cmex10' loaded for size
(Font)              <6> on input line 9.

Underfull \hbox (badness 10000) in paragraph at lines 9--20

 []

)
Underfull \hbox (badness 10000) in paragraph at lines 9--15

 []


Underfull \hbox (badness 10000) in paragraph at lines 18--24

 []


Underfull \hbox (badness 10000) in paragraph at lines 31--32
[]\OT1/cmr/m/n/10.95 Will be
 []


Underfull \hbox (badness 4713) in paragraph at lines 31--32
\OT1/cmr/m/n/10.95 present for
 []


Underfull \hbox (badness 10000) in paragraph at lines 31--32
\OT1/cmr/m/n/10.95 ob-ser-va-
 []


Underfull \hbox (badness 10000) in paragraph at lines 35--35
[]\OT1/cmr/m/n/10.95 tauben@mpa-
 []


Overfull \hbox (19.60435pt too wide) in paragraph at lines 28--40
[] 
 []


Underfull \hbox (badness 10000) in paragraph at lines 43--73

 []


Underfull \hbox (badness 10000) in paragraph at lines 43--73

 []


Underfull \hbox (badness 10000) in paragraph at lines 43--73

 []


Underfull \hbox (badness 10000) in paragraph at lines 43--73

 []


Underfull \hbox (badness 10000) in paragraph at lines 43--73

 []


Underfull \hbox (badness 10000) in paragraph at lines 43--73

 []


Underfull \hbox (badness 10000) in paragraph at lines 43--73

 []


Underfull \hbox (badness 10000) in paragraph at lines 43--73

 []


Underfull \hbox (badness 10000) in paragraph at lines 43--73

 []


Underfull \hbox (badness 10000) in paragraph at lines 43--73

 []


Underfull \hbox (badness 10000) in paragraph at lines 43--73

 []


Underfull \hbox (badness 10000) in paragraph at lines 43--73

 []

[1

{/usr/share/texmf/fonts/map/pdftex/updmap/pdftex.map}]
Underfull \hbox (badness 10000) in paragraph at lines 75--76

 []


Underfull \hbox (badness 10000) in paragraph at lines 78--98

 []


Underfull \hbox (badness 10000) in paragraph at lines 78--98

 []


Underfull \hbox (badness 10000) in paragraph at lines 78--98

 []


Underfull \hbox (badness 10000) in paragraph at lines 78--98

 []


Underfull \hbox (badness 10000) in paragraph at lines 78--98

 []


Underfull \hbox (badness 10000) in paragraph at lines 78--98

 []


Underfull \hbox (badness 10000) in paragraph at lines 78--98

 []


Underfull \hbox (badness 10000) in paragraph at lines 78--98

 []


Underfull \hbox (badness 10000) in paragraph at lines 78--98

 []


Underfull \hbox (badness 10000) in paragraph at lines 104--114

 []


Underfull \hbox (badness 10000) in paragraph at lines 104--114

 []


Underfull \hbox (badness 10000) in paragraph at lines 104--114

 []


Underfull \hbox (badness 10000) in paragraph at lines 104--114

 []


Underfull \hbox (badness 10000) in paragraph at lines 104--114

 []


Underfull \hbox (badness 10000) in paragraph at lines 104--114

 []


Underfull \hbox (badness 10000) in paragraph at lines 104--114

 []


Underfull \hbox (badness 10000) in paragraph at lines 104--114

 []


Underfull \hbox (badness 10000) in paragraph at lines 104--114

 []


Underfull \hbox (badness 10000) in paragraph at lines 115--116

 []

[2]
Underfull \hbox (badness 10000) in paragraph at lines 120--121

 []


Underfull \hbox (badness 10000) in paragraph at lines 122--126

 []


Underfull \hbox (badness 10000) in paragraph at lines 127--130

 []


Overfull \hbox (52.45276pt too wide) in paragraph at lines 131--136
[][] 
 []


Underfull \hbox (badness 10000) in paragraph at lines 131--136

 []


Underfull \hbox (badness 10000) in paragraph at lines 140--142

 []


Underfull \hbox (badness 10000) in paragraph at lines 143--150

 []


Underfull \hbox (badness 10000) in paragraph at lines 151--158

 []


Underfull \hbox (badness 10000) in paragraph at lines 159--161

 []


Underfull \hbox (badness 10000) in paragraph at lines 162--163

 []

[3]
Underfull \hbox (badness 10000) in paragraph at lines 194--205

 []


Underfull \hbox (badness 10000) in paragraph at lines 194--205

 []


Underfull \hbox (badness 10000) in paragraph at lines 194--205

 []


Underfull \hbox (badness 10000) in paragraph at lines 194--205

 []


Underfull \hbox (badness 10000) in paragraph at lines 208--209

 []


Underfull \hbox (badness 10000) in paragraph at lines 210--212

 []


Underfull \hbox (badness 10000) in paragraph at lines 213--238

 []


Underfull \hbox (badness 10000) in paragraph at lines 243--244

 []

[4]
Underfull \hbox (badness 10000) in paragraph at lines 255--256

 []

[5] [6] [7]

pdfTeX warning: pdflatex (file ./Leloudas2003hv_fg2.pdf): PDF inclusion: found 
PDF version <1.5>, but at most version <1.4> allowed
<Leloudas2003hv_fg2.pdf, id=39, 614.295pt x 794.97pt>
File: Leloudas2003hv_fg2.pdf Graphic file (type pdf)

<use Leloudas2003hv_fg2.pdf> <sn11fe_bolom.pdf, id=40, 578.16pt x 433.62pt>
File: sn11fe_bolom.pdf Graphic file (type pdf)

<use sn11fe_bolom.pdf> [8 <./Leloudas2003hv_fg2.pdf

pdfTeX warning: pdflatex (file ./Leloudas2003hv_fg2.pdf): PDF inclusion: Page G
roup detected which pdfTeX can't handle. Ignoring it.
>] [9 <./sn11fe_bolom.pdf

pdfTeX warning: pdflatex (file ./sn11fe_bolom.pdf): PDF inclusion: Page Group d
etected which pdfTeX can't handle. Ignoring it.
>] (./hct_obsp_2014.aux) ) 
Here is how much of TeX's memory you used:
 626 strings out of 256216
 7436 string characters out of 1917072
 61477 words of memory out of 1500000
 3953 multiletter control sequences out of 10000+200000
 10815 words of font info for 37 fonts, out of 1200000 for 2000
 645 hyphenation exceptions out of 8191
 25i,9n,19p,1153b,214s stack positions out of 5000i,500n,6000p,200000b,15000s
</usr/share/texmf/fonts/type1/bluesky/cm/cmbx10.pfb><
/usr/share/texmf/fonts/type1/bluesky/cm/cmbx12.pfb></usr/share/texmf/fonts/type
1/bluesky/cm/cmbx8.pfb></usr/share/texmf/fonts/type1/bluesky/cm/cmbxsl10.pfb></
usr/share/texmf/fonts/type1/bluesky/cm/cmex10.pfb></usr/share/texmf/fonts/type1
/bluesky/cm/cmmi10.pfb></usr/share/texmf/fonts/type1/bluesky/cm/cmmi12.pfb></us
r/share/texmf/fonts/type1/bluesky/cm/cmmi8.pfb></usr/share/texmf/fonts/type1/bl
uesky/cm/cmr10.pfb></usr/share/texmf/fonts/type1/bluesky/cm/cmr12.pfb></usr/sha
re/texmf/fonts/type1/bluesky/cm/cmr8.pfb></usr/share/texmf/fonts/type1/bluesky/
cm/cmsl10.pfb></usr/share/texmf/fonts/type1/bluesky/cm/cmss10.pfb></usr/share/t
exmf/fonts/type1/bluesky/cm/cmssbx10.pfb></usr/share/texmf/fonts/type1/bluesky/
cm/cmsy10.pfb></usr/share/texmf/fonts/type1/bluesky/cm/cmsy8.pfb></usr/share/te
xmf/fonts/type1/bluesky/cm/cmti10.pfb></usr/share/texmf/fonts/type1/urw/helveti
c/uhvr8a.pfb>
Output written on hct_obsp_2014.pdf (9 pages, 406646 bytes).
PDF statistics:
 491 PDF objects out of 1000 (max. 8388607)
 0 named destinations out of 1000 (max. 131072)
 11 words of extra memory for PDF output out of 10000 (max. 10000000)

